<?xml version="1.0" encoding="UTF-8" ?>
<testsuite errors="3" failures="0" hostname="rk-NB" name="expensemanager.AccountManagerImplTest" skipped="0" tests="3" time="0.098" timestamp="2015-03-10T13:20:16">
  <properties>
[...]
</properties>
  <testcase classname="expensemanager.AccountManagerImplTest" name="testCreateAccount" time="0.01">
    <error message="Not supported yet." type="java.lang.UnsupportedOperationException">java.lang.UnsupportedOperationException: Not supported yet.
	at expensemanager.AccountManagerImpl.createAccount(AccountManagerImpl.java:18)
	at expensemanager.AccountManagerImplTest.testCreateAccount(AccountManagerImplTest.java:37)
</error>
  </testcase>
  <testcase classname="expensemanager.AccountManagerImplTest" name="getContact" time="0.001">
    <error message="Not supported yet." type="java.lang.UnsupportedOperationException">java.lang.UnsupportedOperationException: Not supported yet.
	at expensemanager.AccountManagerImpl.getAccount(AccountManagerImpl.java:33)
	at expensemanager.AccountManagerImplTest.getContact(AccountManagerImplTest.java:49)
</error>
  </testcase>
  <testcase classname="expensemanager.AccountManagerImplTest" name="updateGrave" time="0.001">
    <error message="Not supported yet." type="java.lang.UnsupportedOperationException">java.lang.UnsupportedOperationException: Not supported yet.
	at expensemanager.AccountManagerImpl.createAccount(AccountManagerImpl.java:18)
	at expensemanager.AccountManagerImplTest.updateGrave(AccountManagerImplTest.java:63)
</error>
  </testcase>
  <system-out><![CDATA[]]></system-out>
  <system-err><![CDATA[]]></system-err>
</testsuite>
